2025-12-08 23:46:38,070 - INFO - Loading data from db/db_computers_clean.csv
2025-12-08 23:46:38,247 - INFO - Data loaded successfully: 7927 rows
2025-12-08 23:46:38,276 - INFO - Loading model resources...
2025-12-08 23:46:38,285 - INFO - Model resources loaded successfully
2025-12-08 23:46:44,238 - INFO - Running clustering with K=4 on features ['price_euros', 'ram_gb', 'ssd_gb', 'screen_size_inch']
2025-12-08 23:46:44,377 - INFO - Clustered Data Sample:
   price_euros  ...  Cluster
0      1026.53  ...      0.0
1      1270.42  ...      1.0
2      1731.44  ...      0.0
3       647.00  ...      1.0
4      1031.31  ...      3.0

[5 rows x 5 columns]
2025-12-08 23:46:44,378 - INFO - Clustering completed
2025-12-08 23:46:50,498 - INFO - Finding 5 similar products based on ['ram_gb', 'ssd_gb', 'screen_size_inch', 'price_euros']
2025-12-08 23:46:50,505 - INFO - Found 5 similar products
2025-12-08 23:46:54,339 - INFO - Preprocessing input: {'cpu_cores': 8, 'cpu_base_ghz': 2.5, 'cpu_turbo_ghz': 4.5, 'ram_gb': 16, 'ssd_gb': 512, 'vram_gb': 4.0, 'screen_size_inch': 15.6, 'battery_wh': 50.0, 'height': 20.0, 'width': 30.0, 'depth': 20.0, 'weight_kg': 2.0, 'offers_num': 1, 'brightness_cd': 300}
2025-12-08 23:46:54,344 - INFO - Prediction successful: €1038.55
2025-12-08 23:47:00,183 - INFO - Starting SHAP summary generation...
2025-12-08 23:47:00,187 - INFO - Preprocessing batch of 200 rows
2025-12-08 23:47:00,228 - INFO - SHAP values calculated successfully. Generating plot...
2025-12-08 23:47:00,679 - INFO - SHAP summary plot generated and displayed.
